0 info it worked if it ends with ok
1 verbose cli [ 'C:\\nodejs\\node.exe',
1 verbose cli   'C:\\nodejs\\node_modules\\npm\\bin\\npm-cli.js',
1 verbose cli   'start' ]
2 info using npm@3.10.3
3 info using node@v6.4.0
4 verbose run-script [ 'prestart', 'start', 'poststart' ]
5 info lifecycle Researchify@1.0.0~prestart: Researchify@1.0.0
6 silly lifecycle Researchify@1.0.0~prestart: no script for prestart, continuing
7 info lifecycle Researchify@1.0.0~start: Researchify@1.0.0
8 verbose lifecycle Researchify@1.0.0~start: unsafe-perm in lifecycle true
9 verbose lifecycle Researchify@1.0.0~start: PATH: C:\nodejs\node_modules\npm\bin\node-gyp-bin;C:\Web\Researchify\node_modules\.bin;C:\nodejs;C:\Git\git-cheetah\..\bin;C:\Git\git-cheetah\..\bin;C:\Git\git-cheetah\..\bin;C:\Git\git-cheetah\..\bin;C:\Git\git-cheetah\..\bin;C:\Git\git-cheetah\..\bin;C:\cygwin64\bin;C:\ProgramData\Oracle\Java\javapath;C:\Program Files (x86)\AMD APP\bin\x86_64;C:\Program Files (x86)\AMD APP\bin\x86;C:\WINDOWS\system32;C:\WINDOWS;C:\WINDOWS\System32\Wbem;C:\WINDOWS\System32\WindowsPowerShell\v1.0\;C:\Program Files (x86)\Windows Live\Shared;C:\Program Files (x86)\ATI Technologies\ATI.ACE\Core-Static;C:\Program Files (x86)\scala\bin;C:\Go\bin;C:\xampp\php;C:\ProgramData\ComposerSetup\bin;C:\Program Files (x86)\Windows Kits\8.1\Windows Performance Toolkit\;C:\Program Files\Microsoft SQL Server\110\Tools\Binn\;C:\Program Files (x86)\Microsoft SDKs\TypeScript\1.0\;C:\Program Files\Microsoft SQL Server\120\Tools\Binn\;C:\Program Files (x86)\QuickTime\QTSystem\;C:\Heroku\bin;C:\Program Files (x86)\git\cmd;C:\Program Files (x86)\Microsoft SQL Server\130\Tools\Binn\ManagementStudio\;C:\Program Files (x86)\Microsoft SQL Server\130\Tools\Binn\;C:\Program Files (x86)\Microsoft SQL Server\Client SDK\ODBC\110\Tools\Binn\;C:\Program Files (x86)\Microsoft SQL Server\130\DTS\Binn\;C:\Program Files\Java\jdk1.8.0_65\bin;C:\Anaconda2;C:\Anaconda2\Scripts;C:\Anaconda2\Library\bin;C:\Program Files\Rust stable GNU 1.6\bin;C:\Program Files\qemu;C:\cygwin64\opt\cross\bin;C:\Program Files (x86)\sbt\\bin;C:\Program Files\Microsoft SQL Server\Client SDK\ODBC\110\Tools\Binn\;C:\Program Files (x86)\Microsoft SQL Server\120\Tools\Binn\;C:\Program Files\Microsoft SQL Server\120\DTS\Binn\;C:\Program Files\Microsoft SQL Server\Client SDK\ODBC\130\Tools\Binn\;C:\Program Files\Microsoft SQL Server\130\Tools\Binn\;C:\Program Files\Microsoft SQL Server\130\DTS\Binn\;C:\Vagrant\bin;C:\Program Files (x86)\Skype\Phone\;C:\Program Files (x86)\PuTTY\;C:\ProgramData\chocolatey\bin;C:\nodejs\;C:\RailsInstaller\Ruby2.1.0\bin;C:\Users\trcba_000\AppData\Local\atom\bin;C:\WINDOWS;C:\Anaconda2\;C:\Git\bin;C:\Users\trcba_000\AppData\Local\.meteor\;C:\scala\bin;C:\Windows\Microsoft.NET\Framework\v4.0.30319;C:\Users\trcba_000\AppData\Roaming\Composer\vendor\bin;C:\xampp\mysql\bin;C:\mongoDB\Server\3.0\bin;C:\Anaconda2\Scripts;C:\Program Files\Rust stable GNU 1.6\bin;C:\thrift;C:\Program Files\Redis;C:\xampp\php;C:\Program Files (x86)\sbt\bin;C:\PostgreSQL\9.5\bin;C:\Users\trcba_000\AppData\Roaming\npm;C:\R\R-3.3.1\bin
10 verbose lifecycle Researchify@1.0.0~start: CWD: C:\Web\Researchify
11 silly lifecycle Researchify@1.0.0~start: Args: [ '/d /s /c', 'node server.js' ]
12 silly lifecycle Researchify@1.0.0~start: Returned: code: 1  signal: null
13 info lifecycle Researchify@1.0.0~start: Failed to exec start script
14 verbose stack Error: Researchify@1.0.0 start: `node server.js`
14 verbose stack Exit status 1
14 verbose stack     at EventEmitter.<anonymous> (C:\nodejs\node_modules\npm\lib\utils\lifecycle.js:242:16)
14 verbose stack     at emitTwo (events.js:106:13)
14 verbose stack     at EventEmitter.emit (events.js:191:7)
14 verbose stack     at ChildProcess.<anonymous> (C:\nodejs\node_modules\npm\lib\utils\spawn.js:40:14)
14 verbose stack     at emitTwo (events.js:106:13)
14 verbose stack     at ChildProcess.emit (events.js:191:7)
14 verbose stack     at maybeClose (internal/child_process.js:852:16)
14 verbose stack     at Process.ChildProcess._handle.onexit (internal/child_process.js:215:5)
15 verbose pkgid Researchify@1.0.0
16 verbose cwd C:\Web\Researchify
17 error Windows_NT 10.0.10586
18 error argv "C:\\nodejs\\node.exe" "C:\\nodejs\\node_modules\\npm\\bin\\npm-cli.js" "start"
19 error node v6.4.0
20 error npm  v3.10.3
21 error code ELIFECYCLE
22 error Researchify@1.0.0 start: `node server.js`
22 error Exit status 1
23 error Failed at the Researchify@1.0.0 start script 'node server.js'.
23 error Make sure you have the latest version of node.js and npm installed.
23 error If you do, this is most likely a problem with the Researchify package,
23 error not with npm itself.
23 error Tell the author that this fails on your system:
23 error     node server.js
23 error You can get information on how to open an issue for this project with:
23 error     npm bugs Researchify
23 error Or if that isn't available, you can get their info via:
23 error     npm owner ls Researchify
23 error There is likely additional logging output above.
24 verbose exit [ 1, true ]
